1722599556665:help
1722599568286:quit
1722601697083:help
1722601714510:create -help
1722601934207:create -h
1722601943892:transfer -h
1722601948649:clear
1722601952966:help
1722601959137:clear
1722601968324:version
1722601995727:create -n Sina Karimi -b 5000.0
1722602018001:create -n "Sina Karimi" -b 5000.0
1722602036080:balance -a 6319835886538016131
1722602079336:deposit -a 6319835886538016131 -m 525.75
1722602086580:balance -a 6319835886538016131
1722602111416:withdraw -a 6319835886538016131 -m 1000
1722602133944:transfer -s 6319835886538016131 -d 1 -m 2000
1722602159310:balance -a 1
1722602691236:balance -a -1
1722602697621:balance -a 1
1722611079841:create -n "Alireza Niazi" -b 3500.0
1722611116944:withdraw -a 4737707039774230749 -m 500.0
1722611187340:withdraw -a 4737707039774230749 -m 200.0
1722611358745:deposit -a 4737707039774230749 -m 500.0
1722611824735:help
1722611829111:list
1722611933487:withdraw -a 6319835886538016131 -m 325.75
1722611981246:transfer -s 4737707039774230749 -d 6319835886538016131 -m 250.0
